<?xml version="1.0" encoding="UTF-8"?>
<!-- Generated by org.testng.reporters.JUnitXMLReporter -->
<testsuite hostname="DESKTOP-MGLQSO3" ignored="0" name="Automation Practice" tests="3" failures="1" timestamp="2020-06-23T08:53:37 IST" time="269.462" errors="0">
  <testcase name="createUserAndValidate" time="112.998" classname="com.insticator.automationtask.testcases.UserCreationTestCase"/>
  <testcase name="productPurchaseAndValidate" time="55.844" classname="com.insticator.automationtask.testcases.OrderAProductTestCase">
    <failure type="org.openqa.selenium.TimeoutException" message="Expected condition failed: waiting for text (&amp;apos;Faded Short Sleeve T-shirts&amp;apos;) to be present in element [[ChromeDriver: chrome on WINDOWS (30ee3e8090ee543e8974f7ae6076a5e9)] -&amp;gt; tag name: h1] (tried for 10 second(s) with 500 milliseconds interval)
Build info: version: &amp;apos;3.141.59&amp;apos;, revision: &amp;apos;e82be7d358&amp;apos;, time: &amp;apos;2018-11-14T08:17:03&amp;apos;
System info: host: &amp;apos;DESKTOP-MGLQSO3&amp;apos;, ip: &amp;apos;172.20.10.13&amp;apos;, os.name: &amp;apos;Windows 10&amp;apos;, os.arch: &amp;apos;amd64&amp;apos;, os.version: &amp;apos;10.0&amp;apos;, java.version: &amp;apos;1.8.0_251&amp;apos;
Driver info: org.openqa.selenium.chrome.ChromeDriver
Capabilities {acceptInsecureCerts: false, browserName: chrome, browserVersion: 83.0.4103.106, chrome: {chromedriverVersion: 83.0.4103.39 (ccbf011cb2d2b..., userDataDir: C:\Users\ADMIN\AppData\Loca...}, goog:chromeOptions: {debuggerAddress: localhost:56265}, javascriptEnabled: true, networkConnectionEnabled: false, pageLoadStrategy: normal, platform: WINDOWS, platformName: WINDOWS, proxy: Proxy(), setWindowRect: true, strictFileInteractability: false, timeouts: {implicit: 0, pageLoad: 300000, script: 30000}, unhandledPromptBehavior: dismiss and notify, webauthn:virtualAuthenticators: true}
Session ID: 30ee3e8090ee543e8974f7ae6076a5e9">
      <![CDATA[org.openqa.selenium.TimeoutException: Expected condition failed: waiting for text ('Faded Short Sleeve T-shirts') to be present in element [[ChromeDriver: chrome on WINDOWS (30ee3e8090ee543e8974f7ae6076a5e9)] -> tag name: h1] (tried for 10 second(s) with 500 milliseconds interval)
Build info: version: '3.141.59', revision: 'e82be7d358', time: '2018-11-14T08:17:03'
System info: host: 'DESKTOP-MGLQSO3', ip: '172.20.10.13', os.name: 'Windows 10', os.arch: 'amd64', os.version: '10.0', java.version: '1.8.0_251'
Driver info: org.openqa.selenium.chrome.ChromeDriver
Capabilities {acceptInsecureCerts: false, browserName: chrome, browserVersion: 83.0.4103.106, chrome: {chromedriverVersion: 83.0.4103.39 (ccbf011cb2d2b..., userDataDir: C:\Users\ADMIN\AppData\Loca...}, goog:chromeOptions: {debuggerAddress: localhost:56265}, javascriptEnabled: true, networkConnectionEnabled: false, pageLoadStrategy: normal, platform: WINDOWS, platformName: WINDOWS, proxy: Proxy(), setWindowRect: true, strictFileInteractability: false, timeouts: {implicit: 0, pageLoad: 300000, script: 30000}, unhandledPromptBehavior: dismiss and notify, webauthn:virtualAuthenticators: true}
Session ID: 30ee3e8090ee543e8974f7ae6076a5e9
at org.openqa.selenium.support.ui.WebDriverWait.timeoutException(WebDriverWait.java:95)
at org.openqa.selenium.support.ui.FluentWait.until(FluentWait.java:272)
at com.insticator.automationtask.pagebase.BasePage.verifyText(BasePage.java:179)
at com.insticator.automationtask.pages.WomensPage.addToCartWithChanges(WomensPage.java:74)
at com.insticator.automationtask.testcases.OrderAProductTestCase.productPurchaseAndValidate(OrderAProductTestCase.java:26)
at java.util.ArrayList.forEach(Unknown Source)
... Removed 27 stack frames]]>
    </failure>
  </testcase> <!-- productPurchaseAndValidate -->
  <testcase name="seachProductAndValidate" time="60.734" classname="com.insticator.automationtask.testcases.SearchProductTestCase"/>
</testsuite> <!-- Automation Practice -->
